  Lab_4.cpp
D:\Git\Labs\5-sem\Graphics\Lab_4\Lab_4\GLRenderSystem.h(69,90): warning C4244: аргумент: преобразование "double" в "GLclampf", возможна потеря данных
D:\Git\Labs\5-sem\Graphics\Lab_4\Lab_4\GLRenderSystem.h(69,59): warning C4244: аргумент: преобразование "double" в "GLclampf", возможна потеря данных
D:\Git\Labs\5-sem\Graphics\Lab_4\Lab_4\GLRenderSystem.h(69,33): warning C4244: аргумент: преобразование "double" в "GLclampf", возможна потеря данных
D:\Git\Labs\5-sem\Graphics\Lab_4\Lab_4\GLRenderSystem.h(74,1): warning C4244: +=: преобразование "double" в "int", возможна потеря данных
Lab_4.obj : error LNK2019: ссылка на неразрешенный внешний символ __imp__glewInit@0 в функции _main.
Lab_4.obj : error LNK2019: ссылка на неразрешенный внешний символ _glfwInit в функции "public: void __thiscall Vintall::GraphCore::GLRendererOld2_1::init(void)" (?init@GLRendererOld2_1@GraphCore@Vintall@@QAEXXZ).
Lab_4.obj : error LNK2019: ссылка на неразрешенный внешний символ _glfwTerminate в функции _main.
Lab_4.obj : error LNK2019: ссылка на неразрешенный внешний символ _glfwWindowHint в функции "public: void __thiscall Vintall::GraphCore::GLRendererOld2_1::init(void)" (?init@GLRendererOld2_1@GraphCore@Vintall@@QAEXXZ).
Lab_4.obj : error LNK2019: ссылка на неразрешенный внешний символ _glfwCreateWindow в функции "public: __thiscall Vintall::GLWindow::GLWindow(class std::basic_string<char,struct std::char_traits<char>,class std::allocator<char> > const &,unsigned int,unsigned int)" (??0GLWindow@Vintall@@QAE@ABV?$basic_string@DU?$char_traits@D@std@@V?$allocator@D@2@@std@@II@Z).
Lab_4.obj : error LNK2019: ссылка на неразрешенный внешний символ _glfwDestroyWindow в функции _main.
Lab_4.obj : error LNK2019: ссылка на неразрешенный внешний символ _glfwWindowShouldClose в функции _main.
Lab_4.obj : error LNK2019: ссылка на неразрешенный внешний символ _glfwPollEvents в функции _main.
Lab_4.obj : error LNK2019: ссылка на неразрешенный внешний символ _glfwGetKey в функции _main.
Lab_4.obj : error LNK2019: ссылка на неразрешенный внешний символ _glfwGetTime в функции "public: void __thiscall Vintall::GraphCore::GLRendererOld2_1::render(struct GLFWwindow *)" (?render@GLRendererOld2_1@GraphCore@Vintall@@QAEXPAUGLFWwindow@@@Z).
Lab_4.obj : error LNK2019: ссылка на неразрешенный внешний символ _glfwMakeContextCurrent в функции _main.
Lab_4.obj : error LNK2019: ссылка на неразрешенный внешний символ _glfwSwapBuffers в функции _main.
Lab_4.obj : error LNK2019: ссылка на неразрешенный внешний символ __imp____glewAttachShader в функции __catch$??0GLShader@GraphCore@Vintall@@QAE@PBD00@Z$0.
Lab_4.obj : error LNK2019: ссылка на неразрешенный внешний символ __imp____glewCompileShader в функции __catch$??0GLShader@GraphCore@Vintall@@QAE@PBD00@Z$0.
Lab_4.obj : error LNK2019: ссылка на неразрешенный внешний символ __imp____glewCreateProgram в функции __catch$??0GLShader@GraphCore@Vintall@@QAE@PBD00@Z$0.
Lab_4.obj : error LNK2019: ссылка на неразрешенный внешний символ __imp____glewCreateShader в функции __catch$??0GLShader@GraphCore@Vintall@@QAE@PBD00@Z$0.
Lab_4.obj : error LNK2019: ссылка на неразрешенный внешний символ __imp____glewDeleteShader в функции __catch$??0GLShader@GraphCore@Vintall@@QAE@PBD00@Z$0.
Lab_4.obj : error LNK2019: ссылка на неразрешенный внешний символ __imp____glewGetProgramInfoLog в функции "private: void __thiscall Vintall::GraphCore::GLShader::checkCompileErrors(unsigned int,class std::basic_string<char,struct std::char_traits<char>,class std::allocator<char> >)" (?checkCompileErrors@GLShader@GraphCore@Vintall@@AAEXIV?$basic_string@DU?$char_traits@D@std@@V?$allocator@D@2@@std@@@Z).
Lab_4.obj : error LNK2019: ссылка на неразрешенный внешний символ __imp____glewGetProgramiv в функции "private: void __thiscall Vintall::GraphCore::GLShader::checkCompileErrors(unsigned int,class std::basic_string<char,struct std::char_traits<char>,class std::allocator<char> >)" (?checkCompileErrors@GLShader@GraphCore@Vintall@@AAEXIV?$basic_string@DU?$char_traits@D@std@@V?$allocator@D@2@@std@@@Z).
Lab_4.obj : error LNK2019: ссылка на неразрешенный внешний символ __imp____glewGetShaderInfoLog в функции "private: void __thiscall Vintall::GraphCore::GLShader::checkCompileErrors(unsigned int,class std::basic_string<char,struct std::char_traits<char>,class std::allocator<char> >)" (?checkCompileErrors@GLShader@GraphCore@Vintall@@AAEXIV?$basic_string@DU?$char_traits@D@std@@V?$allocator@D@2@@std@@@Z).
Lab_4.obj : error LNK2019: ссылка на неразрешенный внешний символ __imp____glewGetShaderiv в функции "private: void __thiscall Vintall::GraphCore::GLShader::checkCompileErrors(unsigned int,class std::basic_string<char,struct std::char_traits<char>,class std::allocator<char> >)" (?checkCompileErrors@GLShader@GraphCore@Vintall@@AAEXIV?$basic_string@DU?$char_traits@D@std@@V?$allocator@D@2@@std@@@Z).
Lab_4.obj : error LNK2019: ссылка на неразрешенный внешний символ __imp____glewLinkProgram в функции __catch$??0GLShader@GraphCore@Vintall@@QAE@PBD00@Z$0.
Lab_4.obj : error LNK2019: ссылка на неразрешенный внешний символ __imp____glewShaderSource в функции __catch$??0GLShader@GraphCore@Vintall@@QAE@PBD00@Z$0.
Lab_4.obj : error LNK2019: ссылка на неразрешенный внешний символ __imp____glewUseProgram в функции "public: void __thiscall Vintall::GraphCore::GLShader::use(void)" (?use@GLShader@GraphCore@Vintall@@QAEXXZ).
..\GL_AL\glew32s.lib : warning LNK4272: тип компьютера библиотеки "x64" конфликтует с типом целевого компьютера "x86"
..\GL_AL\glfw3.lib : warning LNK4272: тип компьютера библиотеки "x64" конфликтует с типом целевого компьютера "x86"
..\GL_AL\glm_static.lib : warning LNK4272: тип компьютера библиотеки "x64" конфликтует с типом целевого компьютера "x86"
D:\Git\Labs\5-sem\Graphics\Lab_4\Lab_4\Debug\Lab_4.exe : fatal error LNK1120: неразрешенных внешних элементов: 24
